<?xml version="1.0" encoding="utf-8" standalone="no"?>
<!--This file represents the results of running a test suite-->
<test-results name="E:\PTTest\PrimeNumbers\Bin\PrimeNumbersUnitTest.dll" total="9" errors="0" failures="0" not-run="0" inconclusive="0" ignored="0" skipped="0" invalid="0" date="2015-12-08" time="16:32:57">
  <environment nunit-version="2.6.2.12296" clr-version="2.0.50727.5472" os-version="Microsoft Windows NT 6.1.7601 Service Pack 1" platform="Win32NT" cwd="E:\PTTest\PrimeNumbers" machine-name="WGBLM185007-UN4" user="lm185007" user-domain="CORP" />
  <culture-info current-culture="en-GB" current-uiculture="en-US" />
  <test-suite type="Assembly" name="E:\PTTest\PrimeNumbers\Bin\PrimeNumbersUnitTest.dll" executed="True" result="Success" success="True" time="1.003" asserts="0">
    <results>
      <test-suite type="Namespace" name="PrimeNumbersUnitTest" executed="True" result="Success" success="True" time="0.961" asserts="0">
        <results>
          <test-suite type="TestFixture" name="PrimeNumbersTest" executed="True" result="Success" success="True" time="0.952" asserts="0">
            <results>
              <test-case name="PrimeNumbersUnitTest.PrimeNumbersTest.T01_UserInputLess0" executed="True" result="Success" success="True" time="0.034" asserts="1" />
              <test-case name="PrimeNumbersUnitTest.PrimeNumbersTest.T02_UserInputGreater50" executed="True" result="Success" success="True" time="0.003" asserts="1" />
              <test-case name="PrimeNumbersUnitTest.PrimeNumbersTest.T03_UserInputText" executed="True" result="Success" success="True" time="0.076" asserts="1" />
              <test-case name="PrimeNumbersUnitTest.PrimeNumbersTest.T04_UserInputGreaterThanInt" executed="True" result="Success" success="True" time="0.005" asserts="1" />
              <test-case name="PrimeNumbersUnitTest.PrimeNumbersTest.T05_UserInputIs0" executed="True" result="Success" success="True" time="0.001" asserts="1" />
              <test-case name="PrimeNumbersUnitTest.PrimeNumbersTest.T06_GeneratePrimes" executed="True" result="Success" success="True" time="0.005" asserts="62" />
              <test-case name="PrimeNumbersUnitTest.PrimeNumbersTest.T07_GeneratePrimesInvalidInput" executed="True" result="Success" success="True" time="0.000" asserts="2" />
              <test-case name="PrimeNumbersUnitTest.PrimeNumbersTest.T08_DisplayTableForN1" executed="True" result="Success" success="True" time="0.036" asserts="1" />
              <test-case name="PrimeNumbersUnitTest.PrimeNumbersTest.T09_DisplayTableForNRandom" executed="True" result="Success" success="True" time="0.251" asserts="1" />
            </results>
          </test-suite>
        </results>
      </test-suite>
    </results>
  </test-suite>
</test-results>